<?xml version="1.0" encoding="UTF-8"?>
<!-- Generated by org.testng.reporters.JUnitXMLReporter -->
<testsuite ignored="2" hostname="Happy" failures="0" tests="0" time="0.012" errors="0" timestamp="2024-12-28T21:08:59 IST">
  <testcase classname="testcases.tc_01_accountregister" name="account_register" time="0.0">
    <ignored/>
  </testcase> <!-- account_register -->
  <testcase classname="testcases.Tc_02_logintest" name="verify_login" time="0.0">
    <ignored/>
  </testcase> <!-- verify_login -->
</testsuite>
