<?xml version="1.0" encoding="UTF-8"?>
<!-- Generated by org.testng.reporters.JUnitXMLReporter -->
<testsuite ignored="0" hostname="Happy" failures="0" tests="2" name="Test1" time="360.741" errors="0" timestamp="2024-12-31T18:24:02 IST">
  <testcase classname="testcases.tc_01_accountregister" name="account_register" time="0.0">
    <skipped/>
  </testcase> <!-- account_register -->
  <testcase classname="testcases.Tc_02_logintest" name="verify_login" time="0.0">
    <skipped/>
  </testcase> <!-- verify_login -->
</testsuite> <!-- Test1 -->
